<?xml version="1.0" encoding="UTF-8"?>
<!-- Generated by org.testng.reporters.JUnitReportReporter -->
<testsuite skipped="0" hostname="NPR1002" name="testcases.SwagLabOrderingItem" tests="1" failures="0" timestamp="2021-07-17T10:10:47 IST" time="76.073" errors="0">
  <testcase name="runSwagLabApp" time="76.073" classname="testcases.SwagLabOrderingItem"/>
</testsuite> <!-- testcases.SwagLabOrderingItem -->
